<?xml version="1.0" encoding="UTF-8"?>
<!-- Generated by org.testng.reporters.JUnitReportReporter -->
<testsuite hostname="DESKTOP-A48AID3" failures="0" tests="1" name="testCase_BB.BBTest_6_SearchbyBrandTest" time="122.272" errors="0" timestamp="2024-05-10T18:57:51 IST" skipped="0">
  <testcase classname="testCase_BB.BBTest_6_SearchbyBrandTest" name="BBTest_6_SearchbyBrandTest" time="122.272"/>
</testsuite> <!-- testCase_BB.BBTest_6_SearchbyBrandTest -->
