<?xml version="1.0" encoding="UTF-8"?>
<!-- Generated by org.testng.reporters.JUnitReportReporter -->
<testsuite hostname="DESKTOP-A48AID3" failures="0" tests="1" name="testCase_BB.TC_1_CountrySelectTest" time="24.616" errors="0" timestamp="2024-04-24T10:12:46 IST" skipped="0">
  <testcase classname="testCase_BB.TC_1_CountrySelectTest" name="test1_CountrySelect" time="24.616"/>
</testsuite> <!-- testCase_BB.TC_1_CountrySelectTest -->
