<?xml version="1.0" encoding="UTF-8"?>
<!-- Generated by org.testng.reporters.JUnitReportReporter -->
<testsuite hostname="DESKTOP-A48AID3" failures="0" tests="1" name="testCase_BB.BBTest_5_CheckTitleofmenuTest" time="39.131" errors="0" timestamp="2024-05-10T14:11:39 IST" skipped="0">
  <testcase classname="testCase_BB.BBTest_5_CheckTitleofmenuTest" name="BBTest_5_CheckTitleofmenuTest" time="39.131"/>
</testsuite> <!-- testCase_BB.BBTest_5_CheckTitleofmenuTest -->
