<?xml version="1.0" encoding="UTF-8"?>
<!-- Generated by org.testng.reporters.JUnitReportReporter -->
<testsuite hostname="DESKTOP-A48AID3" failures="0" tests="2" name="testCase_BB.BBTest_1_AccountCreationTest" time="175.945" errors="0" timestamp="2024-05-10T14:11:39 IST" skipped="0">
  <testcase classname="testCase_BB.BBTest_1_AccountCreationTest" name="BBTest_1_AccountCreationTest" time="79.145"/>
  <testcase classname="testCase_BB.BBTest_1_AccountCreationTest" name="BBTest_1_AccountCreationTest" time="96.800"/>
</testsuite> <!-- testCase_BB.BBTest_1_AccountCreationTest -->
