<?xml version="1.0" encoding="UTF-8"?>
<!-- Generated by org.testng.reporters.JUnitReportReporter -->
<testsuite hostname="DESKTOP-A48AID3" failures="0" tests="1" name="testCase_BB.TC_4_LoginTest" time="69.961" errors="0" timestamp="2024-05-09T01:26:26 IST" skipped="0">
  <testcase classname="testCase_BB.TC_4_LoginTest" name="TC_02_AccountLoginTest" time="69.961"/>
</testsuite> <!-- testCase_BB.TC_4_LoginTest -->
