<?xml version="1.0" encoding="UTF-8"?>
<!-- Generated by org.testng.reporters.JUnitReportReporter -->
<testsuite hostname="DESKTOP-A48AID3" failures="0" tests="1" name="testCase_BB.TC_2_UrlValidationTest" time="53.238" errors="0" timestamp="2024-04-24T15:08:18 IST" skipped="0">
  <testcase classname="testCase_BB.TC_2_UrlValidationTest" name="UrlValidation" time="53.238"/>
</testsuite> <!-- testCase_BB.TC_2_UrlValidationTest -->
